2015-03-19 12:48:24,841 12 dblayer inside dblayer:__init__ method
2015-03-19 12:48:24,848 24 dblayer Exiting dblayer:__init__ :  connection to cassandra successful
2015-03-19 12:48:24,848 12 dblayer inside dblayer:__init__ method
2015-03-19 12:48:24,856 24 dblayer Exiting dblayer:__init__ :  connection to cassandra successful
2015-03-19 12:48:24,856 26 chunker chunker:chunkify: creating chunks for the file :/Users/praveenselvaraj/Desktop/db_connect.java
2015-03-19 12:48:24,856 34 chunker chunker:chunkify: valid file specified, continuing process of chunk creation...
2015-03-19 12:48:24,856 119 dblayer inside dblayer:file_exists method	with filename = /Users/praveenselvaraj/Desktop/db_connect.java
2015-03-19 12:48:24,856 39 chunker chunker:chunkify: new file!!
2015-03-19 12:48:24,856 46 chunker chunker:chunkify: file shredding initiated for filesize :: 1201 (bytes) at time: 2015-03-19 12:48:24.856986
2015-03-19 12:48:24,867 76 chunker /Users/praveenselvaraj/Desktop/db_connect.java file chunking done 
2015-03-19 12:48:24,867 77 chunker chunk list size 3
2015-03-19 12:48:24,867 202 dblayer dblayer: is_fullhash_exists
2015-03-19 12:48:24,869 208 dblayer new minhash
2015-03-19 12:48:24,869 95 dblayer inside dblayer::add_min_hash method with filename = /Users/praveenselvaraj/Desktop/db_connect.java, minhash = 19ed5d1b212f6b52e3d15cd843a0c3e3
2015-03-19 12:48:24,870 85 chunker /Users/praveenselvaraj/Desktop/db_connect.java - minhash added
2015-03-19 12:48:24,871 87 chunker /Users/praveenselvaraj/Desktop/db_connect.java - file recipe added
2015-03-19 12:48:24,872 52 dblayer dblayer:add_full_hash : min_hash : 19ed5d1b212f6b52e3d15cd843a0c3e3 , fullhash : d3d014f451ab9a0416c24a9052049304
2015-03-19 12:48:24,873 56 dblayer dblayer:add_full_hash : Full_hash d3d014f451ab9a0416c24a9052049304 created for Min_Hash 19ed5d1b212f6b52e3d15cd843a0c3e3 
2015-03-19 12:48:24,873 89 chunker /Users/praveenselvaraj/Desktop/db_connect.java - fullhash added
2015-03-19 12:48:24,873 138 dblayer dblayer: insert_chunk_list
2015-03-19 12:48:24,873 139 dblayer dblayer: len(chunk_map) 3
2015-03-19 12:48:24,875 165 dblayer chunk_map successfully added
2015-03-19 12:48:24,876 91 chunker /Users/praveenselvaraj/Desktop/db_connect.java - chunk list added 
2015-03-19 12:48:24,876 92 chunker time taken for chunking and indexing file /Users/praveenselvaraj/Desktop/db_connect.java [file size : 1201 bytes] - 0.019889 seconds
2015-03-19 12:49:35,609 12 dblayer inside dblayer:__init__ method
2015-03-19 12:49:35,624 24 dblayer Exiting dblayer:__init__ :  connection to cassandra successful
2015-03-19 12:49:35,625 12 dblayer inside dblayer:__init__ method
2015-03-19 12:49:35,643 24 dblayer Exiting dblayer:__init__ :  connection to cassandra successful
2015-03-19 12:49:35,643 26 chunker chunker:chunkify: creating chunks for the file :/Users/praveenselvaraj/Desktop/db_connect2.java
2015-03-19 12:49:35,644 34 chunker chunker:chunkify: valid file specified, continuing process of chunk creation...
2015-03-19 12:49:35,644 119 dblayer inside dblayer:file_exists method	with filename = /Users/praveenselvaraj/Desktop/db_connect2.java
2015-03-19 12:49:35,646 39 chunker chunker:chunkify: new file!!
2015-03-19 12:49:35,646 46 chunker chunker:chunkify: file shredding initiated for filesize :: 1145 (bytes) at time: 2015-03-19 12:49:35.646888
2015-03-19 12:49:35,656 76 chunker /Users/praveenselvaraj/Desktop/db_connect2.java file chunking done 
2015-03-19 12:49:35,656 77 chunker chunk list size 3
2015-03-19 12:49:35,656 202 dblayer dblayer: is_fullhash_exists
2015-03-19 12:49:35,658 208 dblayer new minhash
2015-03-19 12:49:35,658 95 dblayer inside dblayer::add_min_hash method with filename = /Users/praveenselvaraj/Desktop/db_connect2.java, minhash = 53a3dc337e06219909d72e6151f8be2e
2015-03-19 12:49:35,661 85 chunker /Users/praveenselvaraj/Desktop/db_connect2.java - minhash added
2015-03-19 12:49:35,665 87 chunker /Users/praveenselvaraj/Desktop/db_connect2.java - file recipe added
2015-03-19 12:49:35,665 52 dblayer dblayer:add_full_hash : min_hash : 53a3dc337e06219909d72e6151f8be2e , fullhash : 5e6a81addedabc2a46bdabc4c07fe614
2015-03-19 12:49:35,667 56 dblayer dblayer:add_full_hash : Full_hash 5e6a81addedabc2a46bdabc4c07fe614 created for Min_Hash 53a3dc337e06219909d72e6151f8be2e 
2015-03-19 12:49:35,668 89 chunker /Users/praveenselvaraj/Desktop/db_connect2.java - fullhash added
2015-03-19 12:49:35,668 138 dblayer dblayer: insert_chunk_list
2015-03-19 12:49:35,668 139 dblayer dblayer: len(chunk_map) 3
2015-03-19 12:49:35,672 165 dblayer chunk_map successfully added
2015-03-19 12:49:35,672 91 chunker /Users/praveenselvaraj/Desktop/db_connect2.java - chunk list added 
2015-03-19 12:49:35,672 92 chunker time taken for chunking and indexing file /Users/praveenselvaraj/Desktop/db_connect2.java [file size : 1145 bytes] - 0.028605 seconds
2015-03-19 12:55:37,451 12 dblayer inside dblayer:__init__ method
2015-03-19 12:55:37,618 24 dblayer Exiting dblayer:__init__ :  connection to cassandra successful
2015-03-19 12:55:37,618 12 dblayer inside dblayer:__init__ method
2015-03-19 12:55:37,648 24 dblayer Exiting dblayer:__init__ :  connection to cassandra successful
2015-03-19 12:55:37,648 26 chunker chunker:chunkify: creating chunks for the file :/Users/praveenselvaraj/Desktop/techofes.txt
2015-03-19 12:55:37,648 34 chunker chunker:chunkify: valid file specified, continuing process of chunk creation...
2015-03-19 12:55:37,649 119 dblayer inside dblayer:file_exists method	with filename = /Users/praveenselvaraj/Desktop/techofes.txt
2015-03-19 12:55:37,651 39 chunker chunker:chunkify: new file!!
2015-03-19 12:55:37,651 46 chunker chunker:chunkify: file shredding initiated for filesize :: 559 (bytes) at time: 2015-03-19 12:55:37.651326
2015-03-19 12:55:37,658 76 chunker /Users/praveenselvaraj/Desktop/techofes.txt file chunking done 
2015-03-19 12:55:37,659 77 chunker chunk list size 2
2015-03-19 12:55:37,659 202 dblayer dblayer: is_fullhash_exists
2015-03-19 12:55:37,661 208 dblayer new minhash
2015-03-19 12:55:37,662 95 dblayer inside dblayer::add_min_hash method with filename = /Users/praveenselvaraj/Desktop/techofes.txt, minhash = 04186e140eb65f6fc1a6c173c805ee49
2015-03-19 12:55:37,665 85 chunker /Users/praveenselvaraj/Desktop/techofes.txt - minhash added
2015-03-19 12:55:37,668 87 chunker /Users/praveenselvaraj/Desktop/techofes.txt - file recipe added
2015-03-19 12:55:37,668 52 dblayer dblayer:add_full_hash : min_hash : 04186e140eb65f6fc1a6c173c805ee49 , fullhash : 51755829d65b153ad9c9ec760e465261
2015-03-19 12:55:37,671 56 dblayer dblayer:add_full_hash : Full_hash 51755829d65b153ad9c9ec760e465261 created for Min_Hash 04186e140eb65f6fc1a6c173c805ee49 
2015-03-19 12:55:37,671 89 chunker /Users/praveenselvaraj/Desktop/techofes.txt - fullhash added
2015-03-19 12:55:37,671 138 dblayer dblayer: insert_chunk_list
2015-03-19 12:55:37,671 139 dblayer dblayer: len(chunk_map) 2
2015-03-19 12:55:37,676 165 dblayer chunk_map successfully added
2015-03-19 12:55:37,676 91 chunker /Users/praveenselvaraj/Desktop/techofes.txt - chunk list added 
2015-03-19 12:55:37,676 92 chunker time taken for chunking and indexing file /Users/praveenselvaraj/Desktop/techofes.txt [file size : 559 bytes] - 0.028104 seconds
2015-03-19 12:55:41,905 12 dblayer inside dblayer:__init__ method
2015-03-19 12:55:41,920 24 dblayer Exiting dblayer:__init__ :  connection to cassandra successful
2015-03-19 12:55:41,921 12 dblayer inside dblayer:__init__ method
2015-03-19 12:55:41,934 24 dblayer Exiting dblayer:__init__ :  connection to cassandra successful
2015-03-19 12:55:41,934 26 chunker chunker:chunkify: creating chunks for the file :/Users/praveenselvaraj/Desktop/techofes2.txt
2015-03-19 12:55:41,935 34 chunker chunker:chunkify: valid file specified, continuing process of chunk creation...
2015-03-19 12:55:41,935 119 dblayer inside dblayer:file_exists method	with filename = /Users/praveenselvaraj/Desktop/techofes2.txt
2015-03-19 12:55:41,936 39 chunker chunker:chunkify: new file!!
2015-03-19 12:55:41,937 46 chunker chunker:chunkify: file shredding initiated for filesize :: 579 (bytes) at time: 2015-03-19 12:55:41.937213
2015-03-19 12:55:41,937 76 chunker /Users/praveenselvaraj/Desktop/techofes2.txt file chunking done 
2015-03-19 12:55:41,937 77 chunker chunk list size 2
2015-03-19 12:55:41,937 202 dblayer dblayer: is_fullhash_exists
2015-03-19 12:55:41,940 95 dblayer inside dblayer::add_min_hash method with filename = /Users/praveenselvaraj/Desktop/techofes2.txt, minhash = 04186e140eb65f6fc1a6c173c805ee49
2015-03-19 12:55:41,943 85 chunker /Users/praveenselvaraj/Desktop/techofes2.txt - minhash added
2015-03-19 12:55:41,946 87 chunker /Users/praveenselvaraj/Desktop/techofes2.txt - file recipe added
2015-03-19 12:55:41,946 52 dblayer dblayer:add_full_hash : min_hash : 04186e140eb65f6fc1a6c173c805ee49 , fullhash : d2b99957310302b0d9b89405ec096fc8
2015-03-19 12:55:41,949 56 dblayer dblayer:add_full_hash : Full_hash d2b99957310302b0d9b89405ec096fc8 created for Min_Hash 04186e140eb65f6fc1a6c173c805ee49 
2015-03-19 12:55:41,950 89 chunker /Users/praveenselvaraj/Desktop/techofes2.txt - fullhash added
2015-03-19 12:55:41,950 138 dblayer dblayer: insert_chunk_list
2015-03-19 12:55:41,950 139 dblayer dblayer: len(chunk_map) 2
2015-03-19 12:55:41,957 165 dblayer chunk_map successfully added
2015-03-19 12:55:41,958 91 chunker /Users/praveenselvaraj/Desktop/techofes2.txt - chunk list added 
2015-03-19 12:55:41,958 92 chunker time taken for chunking and indexing file /Users/praveenselvaraj/Desktop/techofes2.txt [file size : 579 bytes] - 0.023664 seconds
2015-03-20 11:49:28,674 12 dblayer inside dblayer:__init__ method
2015-03-20 11:49:28,721 24 dblayer Exiting dblayer:__init__ :  connection to cassandra successful
2015-03-20 11:49:28,721 12 dblayer inside dblayer:__init__ method
2015-03-20 11:49:28,729 24 dblayer Exiting dblayer:__init__ :  connection to cassandra successful
2015-03-20 11:49:28,729 32 chunker chunker:chunkify: creating chunks for the file :/Users/praveenselvaraj/Desktop/techofes2.txt
2015-03-20 11:49:28,743 40 chunker chunker:chunkify: valid file specified, continuing process of chunk creation...
2015-03-20 11:49:28,744 119 dblayer inside dblayer:file_exists method	with filename = /Users/praveenselvaraj/Desktop/techofes2.txt
2015-03-20 11:49:28,747 43 chunker chunker:chunkify: an entry for file already exists in db
2015-03-20 11:49:28,747 54 chunker chunker:chunkify: file shredding initiated for filesize :: 579 (bytes) at time: 2015-03-20 11:49:28.747915
