2015-02-23 11:49:10,012 30 dblayer inside dblayer:__init__ method
2015-02-23 11:49:10,018 43 dblayer Exiting dblayer:__init__ :  connection to cassandra successful
2015-02-23 11:49:10,018 30 dblayer inside dblayer:__init__ method
2015-02-23 11:49:10,024 43 dblayer Exiting dblayer:__init__ :  connection to cassandra successful
2015-02-23 11:49:10,024 40 chunker chunker:chunkify: creating chunks for the file :/Users/praveenselvaraj/Desktop/pom.txt
2015-02-23 11:49:10,024 48 chunker chunker:chunkify: valid file specified, continuing process of chunk creation...
2015-02-23 11:49:10,024 138 dblayer inside dblayer:file_exists method	with filename = /Users/praveenselvaraj/Desktop/pom.txt
2015-02-23 11:49:10,025 51 chunker chunker:chunkify: an entry for file already exists in db
2015-02-23 11:49:10,025 60 chunker chunker:chunkify: file shredding initiated for filesize :: 23040 (bytes) at time: 2015-02-23 11:49:10.025356
2015-02-23 11:49:10,039 90 chunker /Users/praveenselvaraj/Desktop/pom.txt file chunking done 
2015-02-23 11:49:10,039 91 chunker chunk list size 45
2015-02-23 11:49:10,040 221 dblayer dblayer: is_fullhash_exists
2015-02-23 11:49:10,041 114 dblayer inside dblayer::add_min_hash method with filename = /Users/praveenselvaraj/Desktop/pom.txt, minhash = 01799a44d38d4c7c46774a6963bea622
2015-02-23 11:49:10,042 99 chunker /Users/praveenselvaraj/Desktop/pom.txt - minhash added
2015-02-23 11:49:10,044 101 chunker /Users/praveenselvaraj/Desktop/pom.txt - file recipe added
2015-02-23 11:49:10,044 71 dblayer dblayer:add_full_hash : min_hash : 01799a44d38d4c7c46774a6963bea622 , fullhash : c6fbbcc7c55d28a7bc86e6f812f64b69
2015-02-23 11:49:10,045 75 dblayer dblayer:add_full_hash : Full_hash c6fbbcc7c55d28a7bc86e6f812f64b69 created for Min_Hash 01799a44d38d4c7c46774a6963bea622 
2015-02-23 11:49:10,045 103 chunker /Users/praveenselvaraj/Desktop/pom.txt - fullhash added
2015-02-23 11:49:10,045 157 dblayer dblayer: insert_chunk_list
2015-02-23 11:49:10,045 158 dblayer dblayer: len(chunk_map) 45
2015-02-23 11:49:10,054 184 dblayer chunk_map successfully added
2015-02-23 11:49:10,054 105 chunker /Users/praveenselvaraj/Desktop/pom.txt - chunk list added 
2015-02-23 11:49:10,054 106 chunker time taken for chunking and indexing file /Users/praveenselvaraj/Desktop/pom.txt [file size : 23040 bytes] - 0.030247 seconds
